2020-12-16 20:48:29.553- INFO org.hibernate.validator.internal.util.Version HV000001: Hibernate Validator 6.1.6.Final 
2020-12-16 20:48:29.552- INFO com.course.SystemApplication Starting SystemApplication using Java 15.0.1 on liuwenjundeMacBook-Pro.local with PID 1781 (/Users/liuwenjun/IdeaProjects/course/system/target/classes started by liuwenjun in /Users/liuwenjun/IdeaProjects/course) 
2020-12-16 20:48:29.556- INFO com.course.SystemApplication No active profile set, falling back to default profiles: default 
2020-12-16 20:48:29.610- INFO o.s.b.d.env.DevToolsPropertyDefaultsPostProcessor Devtools property defaults active! Set 'spring.devtools.add-properties' to 'false' to disable 
2020-12-16 20:48:29.611- INFO o.s.b.d.env.DevToolsPropertyDefaultsPostProcessor For additional web related logging consider setting the 'logging.level.web' property to 'DEBUG' 
2020-12-16 20:48:30.287- INFO o.springframework.cloud.context.scope.GenericScope BeanFactory id=2018740d-2dd4-3eee-a7f0-4cf161a29e48 
2020-12-16 20:48:30.686- INFO o.s.boot.web.embedded.tomcat.TomcatWebServer Tomcat initialized with port(s): 9001 (http) 
2020-12-16 20:48:30.698- INFO org.apache.coyote.http11.Http11NioProtocol Initializing ProtocolHandler ["http-nio-9001"] 
2020-12-16 20:48:30.699- INFO org.apache.catalina.core.StandardService Starting service [Tomcat] 
2020-12-16 20:48:30.699- INFO org.apache.catalina.core.StandardEngine Starting Servlet engine: [Apache Tomcat/9.0.41] 
2020-12-16 20:48:30.780- INFO o.a.c.c.C.[Tomcat].[localhost].[/system] Initializing Spring embedded WebApplicationContext 
2020-12-16 20:48:30.782- INFO o.s.b.w.s.c.ServletWebServerApplicationContext Root WebApplicationContext: initialization completed in 1170 ms 
2020-12-16 20:48:31.137- INFO o.s.scheduling.concurrent.ThreadPoolTaskExecutor Initializing ExecutorService 'applicationTaskExecutor' 
2020-12-16 20:48:31.365- INFO o.s.b.d.autoconfigure.OptionalLiveReloadServer LiveReload server is running on port 35729 
2020-12-16 20:48:31.412- INFO o.s.c.n.e.c.DiscoveryClientOptionalArgsConfiguration Eureka HTTP Client uses RestTemplate. 
2020-12-16 20:48:31.497- WARN o.s.c.l.c.LoadBalancerCacheAutoConfiguration$LoadBalancerCaffeineWarnLogger Spring Cloud LoadBalancer is currently working with the default cache. You can switch to using Caffeine cache, by adding it to the classpath. 
2020-12-16 20:48:31.545- INFO o.s.cloud.netflix.eureka.InstanceInfoFactory Setting initial instance status as: STARTING 
2020-12-16 20:48:31.598- INFO com.netflix.discovery.DiscoveryClient Initializing Eureka in region us-east-1 
2020-12-16 20:48:31.601- INFO c.n.d.shared.resolver.aws.ConfigClusterResolver Resolving eureka endpoints via configuration 
2020-12-16 20:48:31.628- INFO com.netflix.discovery.DiscoveryClient Disable delta property : false 
2020-12-16 20:48:31.629- INFO com.netflix.discovery.DiscoveryClient Single vip registry refresh property : null 
2020-12-16 20:48:31.629- INFO com.netflix.discovery.DiscoveryClient Force full registry fetch : false 
2020-12-16 20:48:31.629- INFO com.netflix.discovery.DiscoveryClient Application is null : false 
2020-12-16 20:48:31.630- INFO com.netflix.discovery.DiscoveryClient Registered Applications size is zero : true 
2020-12-16 20:48:31.630- INFO com.netflix.discovery.DiscoveryClient Application version is -1: true 
2020-12-16 20:48:31.630- INFO com.netflix.discovery.DiscoveryClient Getting all instance registry info from the eureka server 
2020-12-16 20:48:31.759- INFO com.netflix.discovery.DiscoveryClient The response status is 200 
2020-12-16 20:48:31.764- INFO com.netflix.discovery.DiscoveryClient Starting heartbeat executor: renew interval is: 30 
2020-12-16 20:48:31.768- INFO com.netflix.discovery.InstanceInfoReplicator InstanceInfoReplicator onDemand update allowed rate per min is 4 
2020-12-16 20:48:31.778- INFO com.netflix.discovery.DiscoveryClient Discovery Client initialized at timestamp 1608122911777 with initial instances count: 1 
2020-12-16 20:48:31.779- INFO o.s.c.n.e.serviceregistry.EurekaServiceRegistry Registering application SYSTEM with eureka with status UP 
2020-12-16 20:48:31.780- INFO com.netflix.discovery.DiscoveryClient Saw local status change event StatusChangeEvent [timestamp=1608122911780, current=UP, previous=STARTING] 
2020-12-16 20:48:31.781- INFO com.netflix.discovery.DiscoveryClient DiscoveryClient_SYSTEM/192.168.1.103:system:9001: registering service... 
2020-12-16 20:48:31.782- INFO org.apache.coyote.http11.Http11NioProtocol Starting ProtocolHandler ["http-nio-9001"] 
2020-12-16 20:48:31.801- INFO o.s.boot.web.embedded.tomcat.TomcatWebServer Tomcat started on port(s): 9001 (http) with context path '/system' 
2020-12-16 20:48:31.801- INFO o.s.c.n.e.s.EurekaAutoServiceRegistration Updating port to 9001 
2020-12-16 20:48:31.810- INFO com.netflix.discovery.DiscoveryClient DiscoveryClient_SYSTEM/192.168.1.103:system:9001 - registration status: 204 
2020-12-16 20:48:31.818- INFO com.course.SystemApplication Started SystemApplication in 2.571 seconds (JVM running for 3.362) 
2020-12-16 20:48:31.820- INFO com.course.SystemApplication 启动成功！！ 
2020-12-16 20:48:31.821- INFO com.course.SystemApplication system地址为：	http://127.0.0.1:9001 
2020-12-16 20:53:31.631- INFO c.n.d.shared.resolver.aws.ConfigClusterResolver Resolving eureka endpoints via configuration 
2020-12-16 20:58:31.652- INFO c.n.d.shared.resolver.aws.ConfigClusterResolver Resolving eureka endpoints via configuration 
2020-12-16 20:58:37.823- INFO o.a.c.c.C.[Tomcat].[localhost].[/system] Initializing Spring DispatcherServlet 'dispatcherServlet' 
2020-12-16 20:58:37.824- INFO org.springframework.web.servlet.DispatcherServlet Initializing Servlet 'dispatcherServlet' 
2020-12-16 20:58:37.825- INFO org.springframework.web.servlet.DispatcherServlet Completed initialization in 1 ms 
2020-12-16 20:58:37.876- INFO com.zaxxer.hikari.HikariDataSource HikariPool-1 - Starting... 
2020-12-16 20:58:38.113- INFO com.zaxxer.hikari.HikariDataSource HikariPool-1 - Start completed. 
2020-12-16 20:58:38.119-DEBUG com.course.mapper.TestMapper.selectByExample ==>  Preparing: select id, name from test  
2020-12-16 20:58:38.135-DEBUG com.course.mapper.TestMapper.selectByExample ==> Parameters:  
2020-12-16 20:58:38.170-TRACE com.course.mapper.TestMapper.selectByExample <==    Columns: id, name 
2020-12-16 20:58:38.170-TRACE com.course.mapper.TestMapper.selectByExample <==        Row: 0, 1233 
2020-12-16 20:58:38.171-DEBUG com.course.mapper.TestMapper.selectByExample <==      Total: 1 
2020-12-16 21:03:31.662- INFO c.n.d.shared.resolver.aws.ConfigClusterResolver Resolving eureka endpoints via configuration 
2020-12-16 21:05:47.862- INFO o.s.c.n.e.serviceregistry.EurekaServiceRegistry Unregistering application SYSTEM with eureka with status DOWN 
2020-12-16 21:05:47.862- INFO com.netflix.discovery.DiscoveryClient Saw local status change event StatusChangeEvent [timestamp=1608123947862, current=DOWN, previous=UP] 
2020-12-16 21:05:47.863- INFO com.netflix.discovery.DiscoveryClient DiscoveryClient_SYSTEM/192.168.1.103:system:9001: registering service... 
2020-12-16 21:05:47.869- INFO com.netflix.discovery.DiscoveryClient DiscoveryClient_SYSTEM/192.168.1.103:system:9001 - registration status: 204 
2020-12-16 21:05:47.916- INFO o.s.scheduling.concurrent.ThreadPoolTaskExecutor Shutting down ExecutorService 'applicationTaskExecutor' 
2020-12-16 21:05:47.918- INFO com.zaxxer.hikari.HikariDataSource HikariPool-1 - Shutdown initiated... 
2020-12-16 21:05:47.928- INFO com.zaxxer.hikari.HikariDataSource HikariPool-1 - Shutdown completed. 
2020-12-16 21:05:47.929- INFO com.netflix.discovery.DiscoveryClient Shutting down DiscoveryClient ... 
2020-12-16 21:05:50.946- INFO com.netflix.discovery.DiscoveryClient Unregistering ... 
2020-12-16 21:05:50.950- INFO com.netflix.discovery.DiscoveryClient DiscoveryClient_SYSTEM/192.168.1.103:system:9001 - deregister  status: 200 
2020-12-16 21:05:50.990- INFO com.netflix.discovery.DiscoveryClient Completed shut down of DiscoveryClient 
2020-12-16 21:11:57.642- INFO com.course.SystemApplication Starting SystemApplication using Java 15.0.1 on liuwenjundeMacBook-Pro.local with PID 1857 (/Users/liuwenjun/IdeaProjects/course/system/target/classes started by liuwenjun in /Users/liuwenjun/IdeaProjects/course) 
2020-12-16 21:11:57.641- INFO org.hibernate.validator.internal.util.Version HV000001: Hibernate Validator 6.1.6.Final 
2020-12-16 21:11:57.645- INFO com.course.SystemApplication No active profile set, falling back to default profiles: default 
2020-12-16 21:11:57.686- INFO o.s.b.d.env.DevToolsPropertyDefaultsPostProcessor Devtools property defaults active! Set 'spring.devtools.add-properties' to 'false' to disable 
2020-12-16 21:11:57.687- INFO o.s.b.d.env.DevToolsPropertyDefaultsPostProcessor For additional web related logging consider setting the 'logging.level.web' property to 'DEBUG' 
2020-12-16 21:11:58.311- INFO o.springframework.cloud.context.scope.GenericScope BeanFactory id=2018740d-2dd4-3eee-a7f0-4cf161a29e48 
2020-12-16 21:11:58.682- INFO o.s.boot.web.embedded.tomcat.TomcatWebServer Tomcat initialized with port(s): 9001 (http) 
2020-12-16 21:11:58.689- INFO org.apache.coyote.http11.Http11NioProtocol Initializing ProtocolHandler ["http-nio-9001"] 
2020-12-16 21:11:58.690- INFO org.apache.catalina.core.StandardService Starting service [Tomcat] 
2020-12-16 21:11:58.690- INFO org.apache.catalina.core.StandardEngine Starting Servlet engine: [Apache Tomcat/9.0.41] 
2020-12-16 21:11:58.749- INFO o.a.c.c.C.[Tomcat].[localhost].[/system] Initializing Spring embedded WebApplicationContext 
2020-12-16 21:11:58.749- INFO o.s.b.w.s.c.ServletWebServerApplicationContext Root WebApplicationContext: initialization completed in 1062 ms 
2020-12-16 21:11:59.178- INFO o.s.scheduling.concurrent.ThreadPoolTaskExecutor Initializing ExecutorService 'applicationTaskExecutor' 
2020-12-16 21:11:59.358- INFO o.s.b.d.autoconfigure.OptionalLiveReloadServer LiveReload server is running on port 35729 
2020-12-16 21:11:59.390- INFO o.s.c.n.e.c.DiscoveryClientOptionalArgsConfiguration Eureka HTTP Client uses RestTemplate. 
2020-12-16 21:11:59.458- WARN o.s.c.l.c.LoadBalancerCacheAutoConfiguration$LoadBalancerCaffeineWarnLogger Spring Cloud LoadBalancer is currently working with the default cache. You can switch to using Caffeine cache, by adding it to the classpath. 
2020-12-16 21:11:59.502- INFO o.s.cloud.netflix.eureka.InstanceInfoFactory Setting initial instance status as: STARTING 
2020-12-16 21:11:59.530- INFO com.netflix.discovery.DiscoveryClient Initializing Eureka in region us-east-1 
2020-12-16 21:11:59.533- INFO c.n.d.shared.resolver.aws.ConfigClusterResolver Resolving eureka endpoints via configuration 
2020-12-16 21:11:59.553- INFO com.netflix.discovery.DiscoveryClient Disable delta property : false 
2020-12-16 21:11:59.553- INFO com.netflix.discovery.DiscoveryClient Single vip registry refresh property : null 
2020-12-16 21:11:59.553- INFO com.netflix.discovery.DiscoveryClient Force full registry fetch : false 
2020-12-16 21:11:59.553- INFO com.netflix.discovery.DiscoveryClient Application is null : false 
2020-12-16 21:11:59.553- INFO com.netflix.discovery.DiscoveryClient Registered Applications size is zero : true 
2020-12-16 21:11:59.553- INFO com.netflix.discovery.DiscoveryClient Application version is -1: true 
2020-12-16 21:11:59.553- INFO com.netflix.discovery.DiscoveryClient Getting all instance registry info from the eureka server 
2020-12-16 21:11:59.647- INFO com.netflix.discovery.DiscoveryClient The response status is 200 
2020-12-16 21:11:59.651- INFO com.netflix.discovery.DiscoveryClient Starting heartbeat executor: renew interval is: 30 
2020-12-16 21:11:59.655- INFO com.netflix.discovery.InstanceInfoReplicator InstanceInfoReplicator onDemand update allowed rate per min is 4 
2020-12-16 21:11:59.664- INFO com.netflix.discovery.DiscoveryClient Discovery Client initialized at timestamp 1608124319663 with initial instances count: 0 
2020-12-16 21:11:59.665- INFO o.s.c.n.e.serviceregistry.EurekaServiceRegistry Registering application SYSTEM with eureka with status UP 
2020-12-16 21:11:59.665- INFO com.netflix.discovery.DiscoveryClient Saw local status change event StatusChangeEvent [timestamp=1608124319665, current=UP, previous=STARTING] 
2020-12-16 21:11:59.666- INFO com.netflix.discovery.DiscoveryClient DiscoveryClient_SYSTEM/192.168.1.103:system:9001: registering service... 
2020-12-16 21:11:59.667- INFO org.apache.coyote.http11.Http11NioProtocol Starting ProtocolHandler ["http-nio-9001"] 
2020-12-16 21:11:59.685- INFO o.s.boot.web.embedded.tomcat.TomcatWebServer Tomcat started on port(s): 9001 (http) with context path '/system' 
2020-12-16 21:11:59.686- INFO o.s.c.n.e.s.EurekaAutoServiceRegistration Updating port to 9001 
2020-12-16 21:11:59.691- INFO com.netflix.discovery.DiscoveryClient DiscoveryClient_SYSTEM/192.168.1.103:system:9001 - registration status: 204 
2020-12-16 21:11:59.698- INFO com.course.SystemApplication Started SystemApplication in 2.521 seconds (JVM running for 3.279) 
2020-12-16 21:11:59.701- INFO com.course.SystemApplication 启动成功！！ 
2020-12-16 21:11:59.702- INFO com.course.SystemApplication system地址为：	http://127.0.0.1:9001 
2020-12-16 21:12:29.656- INFO com.netflix.discovery.DiscoveryClient Disable delta property : false 
2020-12-16 21:12:29.657- INFO com.netflix.discovery.DiscoveryClient Single vip registry refresh property : null 
2020-12-16 21:12:29.657- INFO com.netflix.discovery.DiscoveryClient Force full registry fetch : false 
2020-12-16 21:12:29.657- INFO com.netflix.discovery.DiscoveryClient Application is null : false 
2020-12-16 21:12:29.657- INFO com.netflix.discovery.DiscoveryClient Registered Applications size is zero : true 
2020-12-16 21:12:29.658- INFO com.netflix.discovery.DiscoveryClient Application version is -1: false 
2020-12-16 21:12:29.658- INFO com.netflix.discovery.DiscoveryClient Getting all instance registry info from the eureka server 
2020-12-16 21:12:29.667- INFO com.netflix.discovery.DiscoveryClient The response status is 200 
2020-12-16 21:16:33.143- INFO o.s.c.n.e.serviceregistry.EurekaServiceRegistry Unregistering application SYSTEM with eureka with status DOWN 
2020-12-16 21:16:33.143- INFO com.netflix.discovery.DiscoveryClient Saw local status change event StatusChangeEvent [timestamp=1608124593143, current=DOWN, previous=UP] 
2020-12-16 21:16:33.144- INFO com.netflix.discovery.DiscoveryClient DiscoveryClient_SYSTEM/192.168.1.103:system:9001: registering service... 
2020-12-16 21:16:33.150- INFO com.netflix.discovery.DiscoveryClient DiscoveryClient_SYSTEM/192.168.1.103:system:9001 - registration status: 204 
2020-12-16 21:16:33.240- INFO o.s.scheduling.concurrent.ThreadPoolTaskExecutor Shutting down ExecutorService 'applicationTaskExecutor' 
2020-12-16 21:16:33.254- INFO com.netflix.discovery.DiscoveryClient Shutting down DiscoveryClient ... 
2020-12-16 21:16:36.277- INFO com.netflix.discovery.DiscoveryClient Unregistering ... 
2020-12-16 21:16:36.287- INFO com.netflix.discovery.DiscoveryClient DiscoveryClient_SYSTEM/192.168.1.103:system:9001 - deregister  status: 200 
2020-12-16 21:16:36.334- INFO com.netflix.discovery.DiscoveryClient Completed shut down of DiscoveryClient 
2020-12-16 21:17:40.436- INFO org.hibernate.validator.internal.util.Version HV000001: Hibernate Validator 6.1.6.Final 
2020-12-16 21:17:40.437- INFO com.course.SystemApplication Starting SystemApplication using Java 15.0.1 on liuwenjundeMacBook-Pro.local with PID 1884 (/Users/liuwenjun/IdeaProjects/course/system/target/classes started by liuwenjun in /Users/liuwenjun/IdeaProjects/course) 
2020-12-16 21:17:40.438- INFO com.course.SystemApplication No active profile set, falling back to default profiles: default 
2020-12-16 21:17:40.476- INFO o.s.b.d.env.DevToolsPropertyDefaultsPostProcessor Devtools property defaults active! Set 'spring.devtools.add-properties' to 'false' to disable 
2020-12-16 21:17:40.476- INFO o.s.b.d.env.DevToolsPropertyDefaultsPostProcessor For additional web related logging consider setting the 'logging.level.web' property to 'DEBUG' 
2020-12-16 21:17:41.141- INFO o.springframework.cloud.context.scope.GenericScope BeanFactory id=2018740d-2dd4-3eee-a7f0-4cf161a29e48 
2020-12-16 21:17:41.508- INFO o.s.boot.web.embedded.tomcat.TomcatWebServer Tomcat initialized with port(s): 9001 (http) 
2020-12-16 21:17:41.521- INFO org.apache.coyote.http11.Http11NioProtocol Initializing ProtocolHandler ["http-nio-9001"] 
2020-12-16 21:17:41.522- INFO org.apache.catalina.core.StandardService Starting service [Tomcat] 
2020-12-16 21:17:41.522- INFO org.apache.catalina.core.StandardEngine Starting Servlet engine: [Apache Tomcat/9.0.41] 
2020-12-16 21:17:41.579- INFO o.a.c.c.C.[Tomcat].[localhost].[/system] Initializing Spring embedded WebApplicationContext 
2020-12-16 21:17:41.580- INFO o.s.b.w.s.c.ServletWebServerApplicationContext Root WebApplicationContext: initialization completed in 1104 ms 
2020-12-16 21:17:41.950- INFO o.s.scheduling.concurrent.ThreadPoolTaskExecutor Initializing ExecutorService 'applicationTaskExecutor' 
2020-12-16 21:17:42.139- INFO o.s.b.d.autoconfigure.OptionalLiveReloadServer LiveReload server is running on port 35729 
2020-12-16 21:17:42.184- INFO o.s.c.n.e.c.DiscoveryClientOptionalArgsConfiguration Eureka HTTP Client uses RestTemplate. 
2020-12-16 21:17:42.253- WARN o.s.c.l.c.LoadBalancerCacheAutoConfiguration$LoadBalancerCaffeineWarnLogger Spring Cloud LoadBalancer is currently working with the default cache. You can switch to using Caffeine cache, by adding it to the classpath. 
2020-12-16 21:17:42.298- INFO o.s.cloud.netflix.eureka.InstanceInfoFactory Setting initial instance status as: STARTING 
2020-12-16 21:17:42.327- INFO com.netflix.discovery.DiscoveryClient Initializing Eureka in region us-east-1 
2020-12-16 21:17:42.330- INFO c.n.d.shared.resolver.aws.ConfigClusterResolver Resolving eureka endpoints via configuration 
2020-12-16 21:17:42.352- INFO com.netflix.discovery.DiscoveryClient Disable delta property : false 
2020-12-16 21:17:42.352- INFO com.netflix.discovery.DiscoveryClient Single vip registry refresh property : null 
2020-12-16 21:17:42.352- INFO com.netflix.discovery.DiscoveryClient Force full registry fetch : false 
2020-12-16 21:17:42.353- INFO com.netflix.discovery.DiscoveryClient Application is null : false 
2020-12-16 21:17:42.353- INFO com.netflix.discovery.DiscoveryClient Registered Applications size is zero : true 
2020-12-16 21:17:42.353- INFO com.netflix.discovery.DiscoveryClient Application version is -1: true 
2020-12-16 21:17:42.353- INFO com.netflix.discovery.DiscoveryClient Getting all instance registry info from the eureka server 
2020-12-16 21:17:42.492- INFO com.netflix.discovery.DiscoveryClient The response status is 200 
2020-12-16 21:17:42.497- INFO com.netflix.discovery.DiscoveryClient Starting heartbeat executor: renew interval is: 30 
2020-12-16 21:17:42.501- INFO com.netflix.discovery.InstanceInfoReplicator InstanceInfoReplicator onDemand update allowed rate per min is 4 
2020-12-16 21:17:42.511- INFO com.netflix.discovery.DiscoveryClient Discovery Client initialized at timestamp 1608124662510 with initial instances count: 1 
2020-12-16 21:17:42.512- INFO o.s.c.n.e.serviceregistry.EurekaServiceRegistry Registering application SYSTEM with eureka with status UP 
2020-12-16 21:17:42.513- INFO com.netflix.discovery.DiscoveryClient Saw local status change event StatusChangeEvent [timestamp=1608124662513, current=UP, previous=STARTING] 
2020-12-16 21:17:42.514- INFO com.netflix.discovery.DiscoveryClient DiscoveryClient_SYSTEM/192.168.1.103:system:9001: registering service... 
2020-12-16 21:17:42.515- INFO org.apache.coyote.http11.Http11NioProtocol Starting ProtocolHandler ["http-nio-9001"] 
2020-12-16 21:17:42.536- INFO o.s.boot.web.embedded.tomcat.TomcatWebServer Tomcat started on port(s): 9001 (http) with context path '/system' 
2020-12-16 21:17:42.536- INFO o.s.c.n.e.s.EurekaAutoServiceRegistration Updating port to 9001 
2020-12-16 21:17:42.541- INFO com.netflix.discovery.DiscoveryClient DiscoveryClient_SYSTEM/192.168.1.103:system:9001 - registration status: 204 
2020-12-16 21:17:42.548- INFO com.course.SystemApplication Started SystemApplication in 2.392 seconds (JVM running for 3.101) 
2020-12-16 21:17:42.550- INFO com.course.SystemApplication 启动成功！！ 
2020-12-16 21:17:42.551- INFO com.course.SystemApplication system地址为：	http://127.0.0.1:9001 
2020-12-16 21:17:51.669- INFO o.s.c.n.e.serviceregistry.EurekaServiceRegistry Unregistering application SYSTEM with eureka with status DOWN 
2020-12-16 21:17:51.669- INFO com.netflix.discovery.DiscoveryClient Saw local status change event StatusChangeEvent [timestamp=1608124671669, current=DOWN, previous=UP] 
2020-12-16 21:17:51.669- INFO com.netflix.discovery.DiscoveryClient DiscoveryClient_SYSTEM/192.168.1.103:system:9001: registering service... 
2020-12-16 21:17:51.678- INFO com.netflix.discovery.DiscoveryClient DiscoveryClient_SYSTEM/192.168.1.103:system:9001 - registration status: 204 
2020-12-16 21:17:51.695- INFO o.s.scheduling.concurrent.ThreadPoolTaskExecutor Shutting down ExecutorService 'applicationTaskExecutor' 
2020-12-16 21:17:51.696- INFO com.netflix.discovery.DiscoveryClient Shutting down DiscoveryClient ... 
2020-12-16 21:17:54.714- INFO com.netflix.discovery.DiscoveryClient Unregistering ... 
2020-12-16 21:17:54.718- INFO com.netflix.discovery.DiscoveryClient DiscoveryClient_SYSTEM/192.168.1.103:system:9001 - deregister  status: 200 
2020-12-16 21:17:54.761- INFO com.netflix.discovery.DiscoveryClient Completed shut down of DiscoveryClient 
